<?xml version="1.0" encoding="UTF-8"?>
<testsuites>
	<testsuite tests="13" failures="5" time="0.702" name="tests">
		<properties>
			<property name="go.version" value="go1.13.8"></property>
		</properties>
		<testcase classname="tests" name="TestNetworkApiTestSuite" time="0.700">
			<failure message="Failed" type="">&gt;&gt;&gt; From SetupSuite</failure>
		</testcase>
		<testcase classname="tests" name="TestNetworkApiTestSuite/TestCreatePrivateNetwork" time="0.470">
			<failure message="Failed" type="">&gt;&gt;&gt; From TearDownSuite&#xA;network_api_test.go:92: &#xA;Error Trace:&#x9;network_api_test.go:92&#xA;Error:      &#x9;Not equal: &#xA;            &#x9;expected: []byte{0x7b, 0x22, 0x63, 0x69, 0x64, 0x72, 0x22, 0x3a, 0x22, 0x31, 0x30, 0x2e, 0x30, 0x2e, 0x30, 0x2e, 0x30, 0x2f, 0x32, 0x34, 0x22, 0x2c, 0x22, 0x63, 0x72, 0x65, 0x61, 0x74, 0x65, 0x64, 0x4f, 0x6e, 0x22, 0x3a, 0x22, 0x32, 0x30, 0x32, 0x32, 0x2d, 0x30, 0x34, 0x2d, 0x30, 0x37, 0x54, 0x31, 0x33, 0x3a, 0x32, 0x30, 0x3a, 0x33, 0x30, 0x2e, 0x34, 0x39, 0x31, 0x5a, 0x22, 0x2c, 0x22, 0x64, 0x65, 0x73, 0x63, 0x72, 0x69, 0x70, 0x74, 0x69, 0x6f, 0x6e, 0x22, 0x3a, 0x22, 0x4d, 0x79, 0x20, 0x44, 0x65, 0x66, 0x61, 0x75, 0x6c, 0x74, 0x20, 0x42, 0x61, 0x63, 0x6b, 0x65, 0x6e, 0x64, 0x20, 0x4e, 0x65, 0x74, 0x77, 0x6f, 0x72, 0x6b, 0x22, 0x2c, 0x22, 0x69, 0x64, 0x22, 0x3a, 0x22, 0x36, 0x30, 0x34, 0x37, 0x32, 0x34, 0x61, 0x35, 0x61, 0x38, 0x30, 0x37, 0x66, 0x32, 0x64, 0x33, 0x62, 0x65, 0x38, 0x36, 0x36, 0x30, 0x63, 0x37, 0x22, 0x2c, 0x22, 0x6c, 0x6f, 0x63, 0x61, 0x74, 0x69, 0x6f, 0x6e, 0x22, 0x3a, 0x22, 0x50, 0x48, 0x58, 0x22, 0x2c, 0x22, 0x6c, 0x6f, 0x63, 0x61, 0x74, 0x69, 0x6f, 0x6e, 0x44, 0x65, 0x66, 0x61, 0x75, 0x6c, 0x74, 0x22, 0x3a, 0x74, 0x72, 0x75, 0x65, 0x2c, 0x22, 0x6d, 0x65, 0x6d, 0x62, 0x65, 0x72, 0x73, 0x68, 0x69, 0x70, 0x73, 0x22, 0x3a, 0x6e, 0x75, 0x6c, 0x6c, 0x2c, 0x22, 0x6e, 0x61, 0x6d, 0x65, 0x22, 0x3a, 0x22, 0x4d, 0x79, 0x20, 0x44, 0x65, 0x66, 0x61, 0x75, 0x6c, 0x74, 0x20, 0x42, 0x61, 0x63, 0x6b, 0x65, 0x6e, 0x64, 0x20, 0x4e, 0x65, 0x74, 0x77, 0x6f, 0x72, 0x6b, 0x22, 0x2c, 0x22, 0x73, 0x65, 0x72, 0x76, 0x65, 0x72, 0x73, 0x22, 0x3a, 0x5b, 0x7b, 0x22, 0x69, 0x64, 0x22, 0x3a, 0x22, 0x36, 0x30, 0x33, 0x66, 0x33, 0x65, 0x39, 0x39, 0x35, 0x63, 0x31, 0x38, 0x64, 0x35, 0x31, 0x35, 0x63, 0x64, 0x61, 0x39, 0x63, 0x34, 0x66, 0x38, 0x22, 0x2c, 0x22, 0x69, 0x70, 0x73, 0x22, 0x3a, 0x5b, 0x22, 0x31, 0x30, 0x2e, 0x30, 0x2e, 0x30, 0x2e, 0x32, 0x22, 0x2c, 0x22, 0x31, 0x30, 0x2e, 0x30, 0x2e, 0x30, 0x2e, 0x33, 0x22, 0x5d, 0x7d, 0x5d, 0x2c, 0x22, 0x74, 0x79, 0x70, 0x65, 0x22, 0x3a, 0x22, 0x50, 0x52, 0x49, 0x56, 0x41, 0x54, 0x45, 0x22, 0x2c, 0x22, 0x76, 0x6c, 0x61, 0x6e, 0x49, 0x64, 0x22, 0x3a, 0x31, 0x30, 0x7d}&#xA;            &#x9;actual  : []byte{0x7b, 0x22, 0x63, 0x69, 0x64, 0x72, 0x22, 0x3a, 0x22, 0x31, 0x30, 0x2e, 0x30, 0x2e, 0x30, 0x2e, 0x30, 0x2f, 0x32, 0x34, 0x22, 0x2c, 0x22, 0x63, 0x72, 0x65, 0x61, 0x74, 0x65, 0x64, 0x4f, 0x6e, 0x22, 0x3a, 0x22, 0x32, 0x30, 0x32, 0x32, 0x2d, 0x30, 0x34, 0x2d, 0x30, 0x37, 0x54, 0x31, 0x33, 0x3a, 0x32, 0x30, 0x3a, 0x33, 0x30, 0x2e, 0x34, 0x39, 0x31, 0x5a, 0x22, 0x2c, 0x22, 0x64, 0x65, 0x73, 0x63, 0x72, 0x69, 0x70, 0x74, 0x69, 0x6f, 0x6e, 0x22, 0x3a, 0x22, 0x4d, 0x79, 0x20, 0x44, 0x65, 0x66, 0x61, 0x75, 0x6c, 0x74, 0x20, 0x42, 0x61, 0x63, 0x6b, 0x65, 0x6e, 0x64, 0x20, 0x4e, 0x65, 0x74, 0x77, 0x6f, 0x72, 0x6b, 0x22, 0x2c, 0x22, 0x69, 0x64, 0x22, 0x3a, 0x22, 0x36, 0x30, 0x34, 0x37, 0x32, 0x34, 0x61, 0x35, 0x61, 0x38, 0x30, 0x37, 0x66, 0x32, 0x64, 0x33, 0x62, 0x65, 0x38, 0x36, 0x36, 0x30, 0x63, 0x37, 0x22, 0x2c, 0x22, 0x6c, 0x6f, 0x63, 0x61, 0x74, 0x69, 0x6f, 0x6e, 0x22, 0x3a, 0x22, 0x50, 0x48, 0x58, 0x22, 0x2c, 0x22, 0x6c, 0x6f, 0x63, 0x61, 0x74, 0x69, 0x6f, 0x6e, 0x44, 0x65, 0x66, 0x61, 0x75, 0x6c, 0x74, 0x22, 0x3a, 0x74, 0x72, 0x75, 0x65, 0x2c, 0x22, 0x6e, 0x61, 0x6d, 0x65, 0x22, 0x3a, 0x22, 0x4d, 0x79, 0x20, 0x44, 0x65, 0x66, 0x61, 0x75, 0x6c, 0x74, 0x20, 0x42, 0x61, 0x63, 0x6b, 0x65, 0x6e, 0x64, 0x20, 0x4e, 0x65, 0x74, 0x77, 0x6f, 0x72, 0x6b, 0x22, 0x2c, 0x22, 0x73, 0x65, 0x72, 0x76, 0x65, 0x72, 0x73, 0x22, 0x3a, 0x5b, 0x7b, 0x22, 0x69, 0x64, 0x22, 0x3a, 0x22, 0x36, 0x30, 0x33, 0x66, 0x33, 0x65, 0x39, 0x39, 0x35, 0x63, 0x31, 0x38, 0x64, 0x35, 0x31, 0x35, 0x63, 0x64, 0x61, 0x39, 0x63, 0x34, 0x66, 0x38, 0x22, 0x2c, 0x22, 0x69, 0x70, 0x73, 0x22, 0x3a, 0x5b, 0x22, 0x31, 0x30, 0x2e, 0x30, 0x2e, 0x30, 0x2e, 0x32, 0x22, 0x2c, 0x22, 0x31, 0x30, 0x2e, 0x30, 0x2e, 0x30, 0x2e, 0x33, 0x22, 0x5d, 0x7d, 0x5d, 0x2c, 0x22, 0x74, 0x79, 0x70, 0x65, 0x22, 0x3a, 0x22, 0x50, 0x52, 0x49, 0x56, 0x41, 0x54, 0x45, 0x22, 0x2c, 0x22, 0x76, 0x6c, 0x61, 0x6e, 0x49, 0x64, 0x22, 0x3a, 0x31, 0x30, 0x7d}&#xA;            &#x9;&#xA;            &#x9;Diff:&#xA;            &#x9;--- Expected&#xA;            &#x9;+++ Actual&#xA;            &#x9;@@ -1,2 +1,2 @@&#xA;            &#x9;-([]uint8) (len=336) {&#xA;            &#x9;+([]uint8) (len=317) {&#xA;            &#x9;  00000000  7b 22 63 69 64 72 22 3a  22 31 30 2e 30 2e 30 2e  |{&#34;cidr&#34;:&#34;10.0.0.|&#xA;            &#x9;@@ -12,12 +12,11 @@&#xA;            &#x9;  000000a0  6f 6e 44 65 66 61 75 6c  74 22 3a 74 72 75 65 2c  |onDefault&#34;:true,|&#xA;            &#x9;- 000000b0  22 6d 65 6d 62 65 72 73  68 69 70 73 22 3a 6e 75  |&#34;memberships&#34;:nu|&#xA;            &#x9;- 000000c0  6c 6c 2c 22 6e 61 6d 65  22 3a 22 4d 79 20 44 65  |ll,&#34;name&#34;:&#34;My De|&#xA;            &#x9;- 000000d0  66 61 75 6c 74 20 42 61  63 6b 65 6e 64 20 4e 65  |fault Backend Ne|&#xA;            &#x9;- 000000e0  74 77 6f 72 6b 22 2c 22  73 65 72 76 65 72 73 22  |twork&#34;,&#34;servers&#34;|&#xA;            &#x9;- 000000f0  3a 5b 7b 22 69 64 22 3a  22 36 30 33 66 33 65 39  |:[{&#34;id&#34;:&#34;603f3e9|&#xA;            &#x9;- 00000100  39 35 63 31 38 64 35 31  35 63 64 61 39 63 34 66  |95c18d515cda9c4f|&#xA;            &#x9;- 00000110  38 22 2c 22 69 70 73 22  3a 5b 22 31 30 2e 30 2e  |8&#34;,&#34;ips&#34;:[&#34;10.0.|&#xA;            &#x9;- 00000120  30 2e 32 22 2c 22 31 30  2e 30 2e 30 2e 33 22 5d  |0.2&#34;,&#34;10.0.0.3&#34;]|&#xA;            &#x9;- 00000130  7d 5d 2c 22 74 79 70 65  22 3a 22 50 52 49 56 41  |}],&#34;type&#34;:&#34;PRIVA|&#xA;            &#x9;- 00000140  54 45 22 2c 22 76 6c 61  6e 49 64 22 3a 31 30 7d  |TE&#34;,&#34;vlanId&#34;:10}|&#xA;            &#x9;+ 000000b0  22 6e 61 6d 65 22 3a 22  4d 79 20 44 65 66 61 75  |&#34;name&#34;:&#34;My Defau|&#xA;            &#x9;+ 000000c0  6c 74 20 42 61 63 6b 65  6e 64 20 4e 65 74 77 6f  |lt Backend Netwo|&#xA;            &#x9;+ 000000d0  72 6b 22 2c 22 73 65 72  76 65 72 73 22 3a 5b 7b  |rk&#34;,&#34;servers&#34;:[{|&#xA;            &#x9;+ 000000e0  22 69 64 22 3a 22 36 30  33 66 33 65 39 39 35 63  |&#34;id&#34;:&#34;603f3e995c|&#xA;            &#x9;+ 000000f0  31 38 64 35 31 35 63 64  61 39 63 34 66 38 22 2c  |18d515cda9c4f8&#34;,|&#xA;            &#x9;+ 00000100  22 69 70 73 22 3a 5b 22  31 30 2e 30 2e 30 2e 32  |&#34;ips&#34;:[&#34;10.0.0.2|&#xA;            &#x9;+ 00000110  22 2c 22 31 30 2e 30 2e  30 2e 33 22 5d 7d 5d 2c  |&#34;,&#34;10.0.0.3&#34;]}],|&#xA;            &#x9;+ 00000120  22 74 79 70 65 22 3a 22  50 52 49 56 41 54 45 22  |&#34;type&#34;:&#34;PRIVATE&#34;|&#xA;            &#x9;+ 00000130  2c 22 76 6c 61 6e 49 64  22 3a 31 30 7d           |,&#34;vlanId&#34;:10}|&#xA;            &#x9; }&#xA;Test:       &#x9;TestNetworkApiTestSuite/TestCreatePrivateNetwork</failure>
		</testcase>
		<testcase classname="tests" name="TestNetworkApiTestSuite/TestCreatePublicNetwork" time="0.020"></testcase>
		<testcase classname="tests" name="TestNetworkApiTestSuite/TestDeletePrivateNetworkById" time="0.020"></testcase>
		<testcase classname="tests" name="TestNetworkApiTestSuite/TestDeletePublicNetworkById" time="0.030"></testcase>
		<testcase classname="tests" name="TestNetworkApiTestSuite/TestDeletePublicNetworkIpBlocksByPublicNetworkIdAndIpBlockID" time="0.020"></testcase>
		<testcase classname="tests" name="TestNetworkApiTestSuite/TestGetPrivateNetworkById" time="0.030">
			<failure message="Failed" type="">&gt;&gt;&gt; From TearDownSuite&#xA;network_api_test.go:114: &#xA;Error Trace:&#x9;network_api_test.go:114&#xA;Error:      &#x9;Not equal: &#xA;            &#x9;expected: []byte{0x7b, 0x22, 0x63, 0x69, 0x64, 0x72, 0x22, 0x3a, 0x22, 0x31, 0x30, 0x2e, 0x30, 0x2e, 0x30, 0x2e, 0x30, 0x2f, 0x32, 0x34, 0x22, 0x2c, 0x22, 0x63, 0x72, 0x65, 0x61, 0x74, 0x65, 0x64, 0x4f, 0x6e, 0x22, 0x3a, 0x22, 0x32, 0x30, 0x32, 0x32, 0x2d, 0x30, 0x34, 0x2d, 0x30, 0x37, 0x54, 0x31, 0x33, 0x3a, 0x32, 0x30, 0x3a, 0x33, 0x30, 0x2e, 0x34, 0x39, 0x31, 0x5a, 0x22, 0x2c, 0x22, 0x64, 0x65, 0x73, 0x63, 0x72, 0x69, 0x70, 0x74, 0x69, 0x6f, 0x6e, 0x22, 0x3a, 0x22, 0x4d, 0x79, 0x20, 0x44, 0x65, 0x66, 0x61, 0x75, 0x6c, 0x74, 0x20, 0x42, 0x61, 0x63, 0x6b, 0x65, 0x6e, 0x64, 0x20, 0x4e, 0x65, 0x74, 0x77, 0x6f, 0x72, 0x6b, 0x22, 0x2c, 0x22, 0x69, 0x64, 0x22, 0x3a, 0x22, 0x36, 0x30, 0x34, 0x37, 0x32, 0x34, 0x61, 0x35, 0x61, 0x38, 0x30, 0x37, 0x66, 0x32, 0x64, 0x33, 0x62, 0x65, 0x38, 0x36, 0x36, 0x30, 0x63, 0x37, 0x22, 0x2c, 0x22, 0x6c, 0x6f, 0x63, 0x61, 0x74, 0x69, 0x6f, 0x6e, 0x22, 0x3a, 0x22, 0x50, 0x48, 0x58, 0x22, 0x2c, 0x22, 0x6c, 0x6f, 0x63, 0x61, 0x74, 0x69, 0x6f, 0x6e, 0x44, 0x65, 0x66, 0x61, 0x75, 0x6c, 0x74, 0x22, 0x3a, 0x74, 0x72, 0x75, 0x65, 0x2c, 0x22, 0x6d, 0x65, 0x6d, 0x62, 0x65, 0x72, 0x73, 0x68, 0x69, 0x70, 0x73, 0x22, 0x3a, 0x6e, 0x75, 0x6c, 0x6c, 0x2c, 0x22, 0x6e, 0x61, 0x6d, 0x65, 0x22, 0x3a, 0x22, 0x4d, 0x79, 0x20, 0x44, 0x65, 0x66, 0x61, 0x75, 0x6c, 0x74, 0x20, 0x42, 0x61, 0x63, 0x6b, 0x65, 0x6e, 0x64, 0x20, 0x4e, 0x65, 0x74, 0x77, 0x6f, 0x72, 0x6b, 0x22, 0x2c, 0x22, 0x73, 0x65, 0x72, 0x76, 0x65, 0x72, 0x73, 0x22, 0x3a, 0x5b, 0x7b, 0x22, 0x69, 0x64, 0x22, 0x3a, 0x22, 0x36, 0x30, 0x33, 0x66, 0x33, 0x65, 0x39, 0x39, 0x35, 0x63, 0x31, 0x38, 0x64, 0x35, 0x31, 0x35, 0x63, 0x64, 0x61, 0x39, 0x63, 0x34, 0x66, 0x38, 0x22, 0x2c, 0x22, 0x69, 0x70, 0x73, 0x22, 0x3a, 0x5b, 0x22, 0x31, 0x30, 0x2e, 0x30, 0x2e, 0x30, 0x2e, 0x32, 0x22, 0x2c, 0x22, 0x31, 0x30, 0x2e, 0x30, 0x2e, 0x30, 0x2e, 0x33, 0x22, 0x5d, 0x7d, 0x5d, 0x2c, 0x22, 0x74, 0x79, 0x70, 0x65, 0x22, 0x3a, 0x22, 0x50, 0x52, 0x49, 0x56, 0x41, 0x54, 0x45, 0x22, 0x2c, 0x22, 0x76, 0x6c, 0x61, 0x6e, 0x49, 0x64, 0x22, 0x3a, 0x31, 0x30, 0x7d}&#xA;            &#x9;actual  : []byte{0x7b, 0x22, 0x63, 0x69, 0x64, 0x72, 0x22, 0x3a, 0x22, 0x31, 0x30, 0x2e, 0x30, 0x2e, 0x30, 0x2e, 0x30, 0x2f, 0x32, 0x34, 0x22, 0x2c, 0x22, 0x63, 0x72, 0x65, 0x61, 0x74, 0x65, 0x64, 0x4f, 0x6e, 0x22, 0x3a, 0x22, 0x32, 0x30, 0x32, 0x32, 0x2d, 0x30, 0x34, 0x2d, 0x30, 0x37, 0x54, 0x31, 0x33, 0x3a, 0x32, 0x30, 0x3a, 0x33, 0x30, 0x2e, 0x34, 0x39, 0x31, 0x5a, 0x22, 0x2c, 0x22, 0x64, 0x65, 0x73, 0x63, 0x72, 0x69, 0x70, 0x74, 0x69, 0x6f, 0x6e, 0x22, 0x3a, 0x22, 0x4d, 0x79, 0x20, 0x44, 0x65, 0x66, 0x61, 0x75, 0x6c, 0x74, 0x20, 0x42, 0x61, 0x63, 0x6b, 0x65, 0x6e, 0x64, 0x20, 0x4e, 0x65, 0x74, 0x77, 0x6f, 0x72, 0x6b, 0x22, 0x2c, 0x22, 0x69, 0x64, 0x22, 0x3a, 0x22, 0x36, 0x30, 0x34, 0x37, 0x32, 0x34, 0x61, 0x35, 0x61, 0x38, 0x30, 0x37, 0x66, 0x32, 0x64, 0x33, 0x62, 0x65, 0x38, 0x36, 0x36, 0x30, 0x63, 0x37, 0x22, 0x2c, 0x22, 0x6c, 0x6f, 0x63, 0x61, 0x74, 0x69, 0x6f, 0x6e, 0x22, 0x3a, 0x22, 0x50, 0x48, 0x58, 0x22, 0x2c, 0x22, 0x6c, 0x6f, 0x63, 0x61, 0x74, 0x69, 0x6f, 0x6e, 0x44, 0x65, 0x66, 0x61, 0x75, 0x6c, 0x74, 0x22, 0x3a, 0x74, 0x72, 0x75, 0x65, 0x2c, 0x22, 0x6e, 0x61, 0x6d, 0x65, 0x22, 0x3a, 0x22, 0x4d, 0x79, 0x20, 0x44, 0x65, 0x66, 0x61, 0x75, 0x6c, 0x74, 0x20, 0x42, 0x61, 0x63, 0x6b, 0x65, 0x6e, 0x64, 0x20, 0x4e, 0x65, 0x74, 0x77, 0x6f, 0x72, 0x6b, 0x22, 0x2c, 0x22, 0x73, 0x65, 0x72, 0x76, 0x65, 0x72, 0x73, 0x22, 0x3a, 0x5b, 0x7b, 0x22, 0x69, 0x64, 0x22, 0x3a, 0x22, 0x36, 0x30, 0x33, 0x66, 0x33, 0x65, 0x39, 0x39, 0x35, 0x63, 0x31, 0x38, 0x64, 0x35, 0x31, 0x35, 0x63, 0x64, 0x61, 0x39, 0x63, 0x34, 0x66, 0x38, 0x22, 0x2c, 0x22, 0x69, 0x70, 0x73, 0x22, 0x3a, 0x5b, 0x22, 0x31, 0x30, 0x2e, 0x30, 0x2e, 0x30, 0x2e, 0x32, 0x22, 0x2c, 0x22, 0x31, 0x30, 0x2e, 0x30, 0x2e, 0x30, 0x2e, 0x33, 0x22, 0x5d, 0x7d, 0x5d, 0x2c, 0x22, 0x74, 0x79, 0x70, 0x65, 0x22, 0x3a, 0x22, 0x50, 0x52, 0x49, 0x56, 0x41, 0x54, 0x45, 0x22, 0x2c, 0x22, 0x76, 0x6c, 0x61, 0x6e, 0x49, 0x64, 0x22, 0x3a, 0x31, 0x30, 0x7d}&#xA;            &#x9;&#xA;            &#x9;Diff:&#xA;            &#x9;--- Expected&#xA;            &#x9;+++ Actual&#xA;            &#x9;@@ -1,2 +1,2 @@&#xA;            &#x9;-([]uint8) (len=336) {&#xA;            &#x9;+([]uint8) (len=317) {&#xA;            &#x9;  00000000  7b 22 63 69 64 72 22 3a  22 31 30 2e 30 2e 30 2e  |{&#34;cidr&#34;:&#34;10.0.0.|&#xA;            &#x9;@@ -12,12 +12,11 @@&#xA;            &#x9;  000000a0  6f 6e 44 65 66 61 75 6c  74 22 3a 74 72 75 65 2c  |onDefault&#34;:true,|&#xA;            &#x9;- 000000b0  22 6d 65 6d 62 65 72 73  68 69 70 73 22 3a 6e 75  |&#34;memberships&#34;:nu|&#xA;            &#x9;- 000000c0  6c 6c 2c 22 6e 61 6d 65  22 3a 22 4d 79 20 44 65  |ll,&#34;name&#34;:&#34;My De|&#xA;            &#x9;- 000000d0  66 61 75 6c 74 20 42 61  63 6b 65 6e 64 20 4e 65  |fault Backend Ne|&#xA;            &#x9;- 000000e0  74 77 6f 72 6b 22 2c 22  73 65 72 76 65 72 73 22  |twork&#34;,&#34;servers&#34;|&#xA;            &#x9;- 000000f0  3a 5b 7b 22 69 64 22 3a  22 36 30 33 66 33 65 39  |:[{&#34;id&#34;:&#34;603f3e9|&#xA;            &#x9;- 00000100  39 35 63 31 38 64 35 31  35 63 64 61 39 63 34 66  |95c18d515cda9c4f|&#xA;            &#x9;- 00000110  38 22 2c 22 69 70 73 22  3a 5b 22 31 30 2e 30 2e  |8&#34;,&#34;ips&#34;:[&#34;10.0.|&#xA;            &#x9;- 00000120  30 2e 32 22 2c 22 31 30  2e 30 2e 30 2e 33 22 5d  |0.2&#34;,&#34;10.0.0.3&#34;]|&#xA;            &#x9;- 00000130  7d 5d 2c 22 74 79 70 65  22 3a 22 50 52 49 56 41  |}],&#34;type&#34;:&#34;PRIVA|&#xA;            &#x9;- 00000140  54 45 22 2c 22 76 6c 61  6e 49 64 22 3a 31 30 7d  |TE&#34;,&#34;vlanId&#34;:10}|&#xA;            &#x9;+ 000000b0  22 6e 61 6d 65 22 3a 22  4d 79 20 44 65 66 61 75  |&#34;name&#34;:&#34;My Defau|&#xA;            &#x9;+ 000000c0  6c 74 20 42 61 63 6b 65  6e 64 20 4e 65 74 77 6f  |lt Backend Netwo|&#xA;            &#x9;+ 000000d0  72 6b 22 2c 22 73 65 72  76 65 72 73 22 3a 5b 7b  |rk&#34;,&#34;servers&#34;:[{|&#xA;            &#x9;+ 000000e0  22 69 64 22 3a 22 36 30  33 66 33 65 39 39 35 63  |&#34;id&#34;:&#34;603f3e995c|&#xA;            &#x9;+ 000000f0  31 38 64 35 31 35 63 64  61 39 63 34 66 38 22 2c  |18d515cda9c4f8&#34;,|&#xA;            &#x9;+ 00000100  22 69 70 73 22 3a 5b 22  31 30 2e 30 2e 30 2e 32  |&#34;ips&#34;:[&#34;10.0.0.2|&#xA;            &#x9;+ 00000110  22 2c 22 31 30 2e 30 2e  30 2e 33 22 5d 7d 5d 2c  |&#34;,&#34;10.0.0.3&#34;]}],|&#xA;            &#x9;+ 00000120  22 74 79 70 65 22 3a 22  50 52 49 56 41 54 45 22  |&#34;type&#34;:&#34;PRIVATE&#34;|&#xA;            &#x9;+ 00000130  2c 22 76 6c 61 6e 49 64  22 3a 31 30 7d           |,&#34;vlanId&#34;:10}|&#xA;            &#x9; }&#xA;Test:       &#x9;TestNetworkApiTestSuite/TestGetPrivateNetworkById</failure>
		</testcase>
		<testcase classname="tests" name="TestNetworkApiTestSuite/TestGetPrivateNetworks" time="0.020">
			<failure message="Failed" type="">&gt;&gt;&gt; From TearDownSuite&#xA;network_api_test.go:68: &#xA;Error Trace:&#x9;network_api_test.go:68&#xA;Error:      &#x9;Not equal: &#xA;            &#x9;expected: []byte{0x5b, 0x7b, 0x22, 0x63, 0x69, 0x64, 0x72, 0x22, 0x3a, 0x22, 0x31, 0x30, 0x2e, 0x30, 0x2e, 0x30, 0x2e, 0x30, 0x2f, 0x32, 0x34, 0x22, 0x2c, 0x22, 0x63, 0x72, 0x65, 0x61, 0x74, 0x65, 0x64, 0x4f, 0x6e, 0x22, 0x3a, 0x22, 0x32, 0x30, 0x32, 0x32, 0x2d, 0x30, 0x34, 0x2d, 0x30, 0x37, 0x54, 0x31, 0x33, 0x3a, 0x32, 0x30, 0x3a, 0x33, 0x30, 0x2e, 0x34, 0x39, 0x31, 0x5a, 0x22, 0x2c, 0x22, 0x64, 0x65, 0x73, 0x63, 0x72, 0x69, 0x70, 0x74, 0x69, 0x6f, 0x6e, 0x22, 0x3a, 0x22, 0x4d, 0x79, 0x20, 0x44, 0x65, 0x66, 0x61, 0x75, 0x6c, 0x74, 0x20, 0x42, 0x61, 0x63, 0x6b, 0x65, 0x6e, 0x64, 0x20, 0x4e, 0x65, 0x74, 0x77, 0x6f, 0x72, 0x6b, 0x22, 0x2c, 0x22, 0x69, 0x64, 0x22, 0x3a, 0x22, 0x36, 0x30, 0x34, 0x37, 0x32, 0x34, 0x61, 0x35, 0x61, 0x38, 0x30, 0x37, 0x66, 0x32, 0x64, 0x33, 0x62, 0x65, 0x38, 0x36, 0x36, 0x30, 0x63, 0x37, 0x22, 0x2c, 0x22, 0x6c, 0x6f, 0x63, 0x61, 0x74, 0x69, 0x6f, 0x6e, 0x22, 0x3a, 0x22, 0x50, 0x48, 0x58, 0x22, 0x2c, 0x22, 0x6c, 0x6f, 0x63, 0x61, 0x74, 0x69, 0x6f, 0x6e, 0x44, 0x65, 0x66, 0x61, 0x75, 0x6c, 0x74, 0x22, 0x3a, 0x74, 0x72, 0x75, 0x65, 0x2c, 0x22, 0x6d, 0x65, 0x6d, 0x62, 0x65, 0x72, 0x73, 0x68, 0x69, 0x70, 0x73, 0x22, 0x3a, 0x6e, 0x75, 0x6c, 0x6c, 0x2c, 0x22, 0x6e, 0x61, 0x6d, 0x65, 0x22, 0x3a, 0x22, 0x4d, 0x79, 0x20, 0x44, 0x65, 0x66, 0x61, 0x75, 0x6c, 0x74, 0x20, 0x42, 0x61, 0x63, 0x6b, 0x65, 0x6e, 0x64, 0x20, 0x4e, 0x65, 0x74, 0x77, 0x6f, 0x72, 0x6b, 0x22, 0x2c, 0x22, 0x73, 0x65, 0x72, 0x76, 0x65, 0x72, 0x73, 0x22, 0x3a, 0x5b, 0x7b, 0x22, 0x69, 0x64, 0x22, 0x3a, 0x22, 0x36, 0x30, 0x33, 0x66, 0x33, 0x65, 0x39, 0x39, 0x35, 0x63, 0x31, 0x38, 0x64, 0x35, 0x31, 0x35, 0x63, 0x64, 0x61, 0x39, 0x63, 0x34, 0x66, 0x38, 0x22, 0x2c, 0x22, 0x69, 0x70, 0x73, 0x22, 0x3a, 0x5b, 0x22, 0x31, 0x30, 0x2e, 0x30, 0x2e, 0x30, 0x2e, 0x32, 0x22, 0x2c, 0x22, 0x31, 0x30, 0x2e, 0x30, 0x2e, 0x30, 0x2e, 0x33, 0x22, 0x5d, 0x7d, 0x5d, 0x2c, 0x22, 0x74, 0x79, 0x70, 0x65, 0x22, 0x3a, 0x22, 0x50, 0x52, 0x49, 0x56, 0x41, 0x54, 0x45, 0x22, 0x2c, 0x22, 0x76, 0x6c, 0x61, 0x6e, 0x49, 0x64, 0x22, 0x3a, 0x31, 0x30, 0x7d, 0x5d}&#xA;            &#x9;actual  : []byte{0x5b, 0x7b, 0x22, 0x63, 0x69, 0x64, 0x72, 0x22, 0x3a, 0x22, 0x31, 0x30, 0x2e, 0x30, 0x2e, 0x30, 0x2e, 0x30, 0x2f, 0x32, 0x34, 0x22, 0x2c, 0x22, 0x63, 0x72, 0x65, 0x61, 0x74, 0x65, 0x64, 0x4f, 0x6e, 0x22, 0x3a, 0x22, 0x32, 0x30, 0x32, 0x32, 0x2d, 0x30, 0x34, 0x2d, 0x30, 0x37, 0x54, 0x31, 0x33, 0x3a, 0x32, 0x30, 0x3a, 0x33, 0x30, 0x2e, 0x34, 0x39, 0x31, 0x5a, 0x22, 0x2c, 0x22, 0x64, 0x65, 0x73, 0x63, 0x72, 0x69, 0x70, 0x74, 0x69, 0x6f, 0x6e, 0x22, 0x3a, 0x22, 0x4d, 0x79, 0x20, 0x44, 0x65, 0x66, 0x61, 0x75, 0x6c, 0x74, 0x20, 0x42, 0x61, 0x63, 0x6b, 0x65, 0x6e, 0x64, 0x20, 0x4e, 0x65, 0x74, 0x77, 0x6f, 0x72, 0x6b, 0x22, 0x2c, 0x22, 0x69, 0x64, 0x22, 0x3a, 0x22, 0x36, 0x30, 0x34, 0x37, 0x32, 0x34, 0x61, 0x35, 0x61, 0x38, 0x30, 0x37, 0x66, 0x32, 0x64, 0x33, 0x62, 0x65, 0x38, 0x36, 0x36, 0x30, 0x63, 0x37, 0x22, 0x2c, 0x22, 0x6c, 0x6f, 0x63, 0x61, 0x74, 0x69, 0x6f, 0x6e, 0x22, 0x3a, 0x22, 0x50, 0x48, 0x58, 0x22, 0x2c, 0x22, 0x6c, 0x6f, 0x63, 0x61, 0x74, 0x69, 0x6f, 0x6e, 0x44, 0x65, 0x66, 0x61, 0x75, 0x6c, 0x74, 0x22, 0x3a, 0x74, 0x72, 0x75, 0x65, 0x2c, 0x22, 0x6e, 0x61, 0x6d, 0x65, 0x22, 0x3a, 0x22, 0x4d, 0x79, 0x20, 0x44, 0x65, 0x66, 0x61, 0x75, 0x6c, 0x74, 0x20, 0x42, 0x61, 0x63, 0x6b, 0x65, 0x6e, 0x64, 0x20, 0x4e, 0x65, 0x74, 0x77, 0x6f, 0x72, 0x6b, 0x22, 0x2c, 0x22, 0x73, 0x65, 0x72, 0x76, 0x65, 0x72, 0x73, 0x22, 0x3a, 0x5b, 0x7b, 0x22, 0x69, 0x64, 0x22, 0x3a, 0x22, 0x36, 0x30, 0x33, 0x66, 0x33, 0x65, 0x39, 0x39, 0x35, 0x63, 0x31, 0x38, 0x64, 0x35, 0x31, 0x35, 0x63, 0x64, 0x61, 0x39, 0x63, 0x34, 0x66, 0x38, 0x22, 0x2c, 0x22, 0x69, 0x70, 0x73, 0x22, 0x3a, 0x5b, 0x22, 0x31, 0x30, 0x2e, 0x30, 0x2e, 0x30, 0x2e, 0x32, 0x22, 0x2c, 0x22, 0x31, 0x30, 0x2e, 0x30, 0x2e, 0x30, 0x2e, 0x33, 0x22, 0x5d, 0x7d, 0x5d, 0x2c, 0x22, 0x74, 0x79, 0x70, 0x65, 0x22, 0x3a, 0x22, 0x50, 0x52, 0x49, 0x56, 0x41, 0x54, 0x45, 0x22, 0x2c, 0x22, 0x76, 0x6c, 0x61, 0x6e, 0x49, 0x64, 0x22, 0x3a, 0x31, 0x30, 0x7d, 0x5d}&#xA;            &#x9;&#xA;            &#x9;Diff:&#xA;            &#x9;--- Expected&#xA;            &#x9;+++ Actual&#xA;            &#x9;@@ -1,2 +1,2 @@&#xA;            &#x9;-([]uint8) (len=338) {&#xA;            &#x9;+([]uint8) (len=319) {&#xA;            &#x9;  00000000  5b 7b 22 63 69 64 72 22  3a 22 31 30 2e 30 2e 30  |[{&#34;cidr&#34;:&#34;10.0.0|&#xA;            &#x9;@@ -12,13 +12,11 @@&#xA;            &#x9;  000000a0  69 6f 6e 44 65 66 61 75  6c 74 22 3a 74 72 75 65  |ionDefault&#34;:true|&#xA;            &#x9;- 000000b0  2c 22 6d 65 6d 62 65 72  73 68 69 70 73 22 3a 6e  |,&#34;memberships&#34;:n|&#xA;            &#x9;- 000000c0  75 6c 6c 2c 22 6e 61 6d  65 22 3a 22 4d 79 20 44  |ull,&#34;name&#34;:&#34;My D|&#xA;            &#x9;- 000000d0  65 66 61 75 6c 74 20 42  61 63 6b 65 6e 64 20 4e  |efault Backend N|&#xA;            &#x9;- 000000e0  65 74 77 6f 72 6b 22 2c  22 73 65 72 76 65 72 73  |etwork&#34;,&#34;servers|&#xA;            &#x9;- 000000f0  22 3a 5b 7b 22 69 64 22  3a 22 36 30 33 66 33 65  |&#34;:[{&#34;id&#34;:&#34;603f3e|&#xA;            &#x9;- 00000100  39 39 35 63 31 38 64 35  31 35 63 64 61 39 63 34  |995c18d515cda9c4|&#xA;            &#x9;- 00000110  66 38 22 2c 22 69 70 73  22 3a 5b 22 31 30 2e 30  |f8&#34;,&#34;ips&#34;:[&#34;10.0|&#xA;            &#x9;- 00000120  2e 30 2e 32 22 2c 22 31  30 2e 30 2e 30 2e 33 22  |.0.2&#34;,&#34;10.0.0.3&#34;|&#xA;            &#x9;- 00000130  5d 7d 5d 2c 22 74 79 70  65 22 3a 22 50 52 49 56  |]}],&#34;type&#34;:&#34;PRIV|&#xA;            &#x9;- 00000140  41 54 45 22 2c 22 76 6c  61 6e 49 64 22 3a 31 30  |ATE&#34;,&#34;vlanId&#34;:10|&#xA;            &#x9;- 00000150  7d 5d                                             |}]|&#xA;            &#x9;+ 000000b0  2c 22 6e 61 6d 65 22 3a  22 4d 79 20 44 65 66 61  |,&#34;name&#34;:&#34;My Defa|&#xA;            &#x9;+ 000000c0  75 6c 74 20 42 61 63 6b  65 6e 64 20 4e 65 74 77  |ult Backend Netw|&#xA;            &#x9;+ 000000d0  6f 72 6b 22 2c 22 73 65  72 76 65 72 73 22 3a 5b  |ork&#34;,&#34;servers&#34;:[|&#xA;            &#x9;+ 000000e0  7b 22 69 64 22 3a 22 36  30 33 66 33 65 39 39 35  |{&#34;id&#34;:&#34;603f3e995|&#xA;            &#x9;+ 000000f0  63 31 38 64 35 31 35 63  64 61 39 63 34 66 38 22  |c18d515cda9c4f8&#34;|&#xA;            &#x9;+ 00000100  2c 22 69 70 73 22 3a 5b  22 31 30 2e 30 2e 30 2e  |,&#34;ips&#34;:[&#34;10.0.0.|&#xA;            &#x9;+ 00000110  32 22 2c 22 31 30 2e 30  2e 30 2e 33 22 5d 7d 5d  |2&#34;,&#34;10.0.0.3&#34;]}]|&#xA;            &#x9;+ 00000120  2c 22 74 79 70 65 22 3a  22 50 52 49 56 41 54 45  |,&#34;type&#34;:&#34;PRIVATE|&#xA;            &#x9;+ 00000130  22 2c 22 76 6c 61 6e 49  64 22 3a 31 30 7d 5d     |&#34;,&#34;vlanId&#34;:10}]|&#xA;            &#x9; }&#xA;Test:       &#x9;TestNetworkApiTestSuite/TestGetPrivateNetworks</failure>
		</testcase>
		<testcase classname="tests" name="TestNetworkApiTestSuite/TestGetPublicNetworkById" time="0.020"></testcase>
		<testcase classname="tests" name="TestNetworkApiTestSuite/TestGetPublicNetworks" time="0.020"></testcase>
		<testcase classname="tests" name="TestNetworkApiTestSuite/TestPatchPublicNetworkById" time="0.020"></testcase>
		<testcase classname="tests" name="TestNetworkApiTestSuite/TestPostPublicNetworkIpBlockByPublicNetworkId" time="0.020"></testcase>
		<testcase classname="tests" name="TestNetworkApiTestSuite/TestPutPrivateNetworkById" time="0.020">
			<failure message="Failed" type="">&gt;&gt;&gt; From TearDownSuite&#xA;network_api_test.go:140: &#xA;Error Trace:&#x9;network_api_test.go:140&#xA;Error:      &#x9;Not equal: &#xA;            &#x9;expected: []byte{0x7b, 0x22, 0x63, 0x69, 0x64, 0x72, 0x22, 0x3a, 0x22, 0x31, 0x30, 0x2e, 0x30, 0x2e, 0x30, 0x2e, 0x30, 0x2f, 0x32, 0x34, 0x22, 0x2c, 0x22, 0x63, 0x72, 0x65, 0x61, 0x74, 0x65, 0x64, 0x4f, 0x6e, 0x22, 0x3a, 0x22, 0x32, 0x30, 0x32, 0x32, 0x2d, 0x30, 0x34, 0x2d, 0x30, 0x37, 0x54, 0x31, 0x33, 0x3a, 0x32, 0x30, 0x3a, 0x33, 0x30, 0x2e, 0x34, 0x39, 0x31, 0x5a, 0x22, 0x2c, 0x22, 0x64, 0x65, 0x73, 0x63, 0x72, 0x69, 0x70, 0x74, 0x69, 0x6f, 0x6e, 0x22, 0x3a, 0x22, 0x4d, 0x79, 0x20, 0x44, 0x65, 0x66, 0x61, 0x75, 0x6c, 0x74, 0x20, 0x42, 0x61, 0x63, 0x6b, 0x65, 0x6e, 0x64, 0x20, 0x4e, 0x65, 0x74, 0x77, 0x6f, 0x72, 0x6b, 0x22, 0x2c, 0x22, 0x69, 0x64, 0x22, 0x3a, 0x22, 0x36, 0x30, 0x34, 0x37, 0x32, 0x34, 0x61, 0x35, 0x61, 0x38, 0x30, 0x37, 0x66, 0x32, 0x64, 0x33, 0x62, 0x65, 0x38, 0x36, 0x36, 0x30, 0x63, 0x37, 0x22, 0x2c, 0x22, 0x6c, 0x6f, 0x63, 0x61, 0x74, 0x69, 0x6f, 0x6e, 0x22, 0x3a, 0x22, 0x50, 0x48, 0x58, 0x22, 0x2c, 0x22, 0x6c, 0x6f, 0x63, 0x61, 0x74, 0x69, 0x6f, 0x6e, 0x44, 0x65, 0x66, 0x61, 0x75, 0x6c, 0x74, 0x22, 0x3a, 0x74, 0x72, 0x75, 0x65, 0x2c, 0x22, 0x6d, 0x65, 0x6d, 0x62, 0x65, 0x72, 0x73, 0x68, 0x69, 0x70, 0x73, 0x22, 0x3a, 0x6e, 0x75, 0x6c, 0x6c, 0x2c, 0x22, 0x6e, 0x61, 0x6d, 0x65, 0x22, 0x3a, 0x22, 0x4d, 0x79, 0x20, 0x44, 0x65, 0x66, 0x61, 0x75, 0x6c, 0x74, 0x20, 0x42, 0x61, 0x63, 0x6b, 0x65, 0x6e, 0x64, 0x20, 0x4e, 0x65, 0x74, 0x77, 0x6f, 0x72, 0x6b, 0x22, 0x2c, 0x22, 0x73, 0x65, 0x72, 0x76, 0x65, 0x72, 0x73, 0x22, 0x3a, 0x5b, 0x7b, 0x22, 0x69, 0x64, 0x22, 0x3a, 0x22, 0x36, 0x30, 0x33, 0x66, 0x33, 0x65, 0x39, 0x39, 0x35, 0x63, 0x31, 0x38, 0x64, 0x35, 0x31, 0x35, 0x63, 0x64, 0x61, 0x39, 0x63, 0x34, 0x66, 0x38, 0x22, 0x2c, 0x22, 0x69, 0x70, 0x73, 0x22, 0x3a, 0x5b, 0x22, 0x31, 0x30, 0x2e, 0x30, 0x2e, 0x30, 0x2e, 0x32, 0x22, 0x2c, 0x22, 0x31, 0x30, 0x2e, 0x30, 0x2e, 0x30, 0x2e, 0x33, 0x22, 0x5d, 0x7d, 0x5d, 0x2c, 0x22, 0x74, 0x79, 0x70, 0x65, 0x22, 0x3a, 0x22, 0x50, 0x52, 0x49, 0x56, 0x41, 0x54, 0x45, 0x22, 0x2c, 0x22, 0x76, 0x6c, 0x61, 0x6e, 0x49, 0x64, 0x22, 0x3a, 0x31, 0x30, 0x7d}&#xA;            &#x9;actual  : []byte{0x7b, 0x22, 0x63, 0x69, 0x64, 0x72, 0x22, 0x3a, 0x22, 0x31, 0x30, 0x2e, 0x30, 0x2e, 0x30, 0x2e, 0x30, 0x2f, 0x32, 0x34, 0x22, 0x2c, 0x22, 0x63, 0x72, 0x65, 0x61, 0x74, 0x65, 0x64, 0x4f, 0x6e, 0x22, 0x3a, 0x22, 0x32, 0x30, 0x32, 0x32, 0x2d, 0x30, 0x34, 0x2d, 0x30, 0x37, 0x54, 0x31, 0x33, 0x3a, 0x32, 0x30, 0x3a, 0x33, 0x30, 0x2e, 0x34, 0x39, 0x31, 0x5a, 0x22, 0x2c, 0x22, 0x64, 0x65, 0x73, 0x63, 0x72, 0x69, 0x70, 0x74, 0x69, 0x6f, 0x6e, 0x22, 0x3a, 0x22, 0x4d, 0x79, 0x20, 0x44, 0x65, 0x66, 0x61, 0x75, 0x6c, 0x74, 0x20, 0x42, 0x61, 0x63, 0x6b, 0x65, 0x6e, 0x64, 0x20, 0x4e, 0x65, 0x74, 0x77, 0x6f, 0x72, 0x6b, 0x22, 0x2c, 0x22, 0x69, 0x64, 0x22, 0x3a, 0x22, 0x36, 0x30, 0x34, 0x37, 0x32, 0x34, 0x61, 0x35, 0x61, 0x38, 0x30, 0x37, 0x66, 0x32, 0x64, 0x33, 0x62, 0x65, 0x38, 0x36, 0x36, 0x30, 0x63, 0x37, 0x22, 0x2c, 0x22, 0x6c, 0x6f, 0x63, 0x61, 0x74, 0x69, 0x6f, 0x6e, 0x22, 0x3a, 0x22, 0x50, 0x48, 0x58, 0x22, 0x2c, 0x22, 0x6c, 0x6f, 0x63, 0x61, 0x74, 0x69, 0x6f, 0x6e, 0x44, 0x65, 0x66, 0x61, 0x75, 0x6c, 0x74, 0x22, 0x3a, 0x74, 0x72, 0x75, 0x65, 0x2c, 0x22, 0x6e, 0x61, 0x6d, 0x65, 0x22, 0x3a, 0x22, 0x4d, 0x79, 0x20, 0x44, 0x65, 0x66, 0x61, 0x75, 0x6c, 0x74, 0x20, 0x42, 0x61, 0x63, 0x6b, 0x65, 0x6e, 0x64, 0x20, 0x4e, 0x65, 0x74, 0x77, 0x6f, 0x72, 0x6b, 0x22, 0x2c, 0x22, 0x73, 0x65, 0x72, 0x76, 0x65, 0x72, 0x73, 0x22, 0x3a, 0x5b, 0x7b, 0x22, 0x69, 0x64, 0x22, 0x3a, 0x22, 0x36, 0x30, 0x33, 0x66, 0x33, 0x65, 0x39, 0x39, 0x35, 0x63, 0x31, 0x38, 0x64, 0x35, 0x31, 0x35, 0x63, 0x64, 0x61, 0x39, 0x63, 0x34, 0x66, 0x38, 0x22, 0x2c, 0x22, 0x69, 0x70, 0x73, 0x22, 0x3a, 0x5b, 0x22, 0x31, 0x30, 0x2e, 0x30, 0x2e, 0x30, 0x2e, 0x32, 0x22, 0x2c, 0x22, 0x31, 0x30, 0x2e, 0x30, 0x2e, 0x30, 0x2e, 0x33, 0x22, 0x5d, 0x7d, 0x5d, 0x2c, 0x22, 0x74, 0x79, 0x70, 0x65, 0x22, 0x3a, 0x22, 0x50, 0x52, 0x49, 0x56, 0x41, 0x54, 0x45, 0x22, 0x2c, 0x22, 0x76, 0x6c, 0x61, 0x6e, 0x49, 0x64, 0x22, 0x3a, 0x31, 0x30, 0x7d}&#xA;            &#x9;&#xA;            &#x9;Diff:&#xA;            &#x9;--- Expected&#xA;            &#x9;+++ Actual&#xA;            &#x9;@@ -1,2 +1,2 @@&#xA;            &#x9;-([]uint8) (len=336) {&#xA;            &#x9;+([]uint8) (len=317) {&#xA;            &#x9;  00000000  7b 22 63 69 64 72 22 3a  22 31 30 2e 30 2e 30 2e  |{&#34;cidr&#34;:&#34;10.0.0.|&#xA;            &#x9;@@ -12,12 +12,11 @@&#xA;            &#x9;  000000a0  6f 6e 44 65 66 61 75 6c  74 22 3a 74 72 75 65 2c  |onDefault&#34;:true,|&#xA;            &#x9;- 000000b0  22 6d 65 6d 62 65 72 73  68 69 70 73 22 3a 6e 75  |&#34;memberships&#34;:nu|&#xA;            &#x9;- 000000c0  6c 6c 2c 22 6e 61 6d 65  22 3a 22 4d 79 20 44 65  |ll,&#34;name&#34;:&#34;My De|&#xA;            &#x9;- 000000d0  66 61 75 6c 74 20 42 61  63 6b 65 6e 64 20 4e 65  |fault Backend Ne|&#xA;            &#x9;- 000000e0  74 77 6f 72 6b 22 2c 22  73 65 72 76 65 72 73 22  |twork&#34;,&#34;servers&#34;|&#xA;            &#x9;- 000000f0  3a 5b 7b 22 69 64 22 3a  22 36 30 33 66 33 65 39  |:[{&#34;id&#34;:&#34;603f3e9|&#xA;            &#x9;- 00000100  39 35 63 31 38 64 35 31  35 63 64 61 39 63 34 66  |95c18d515cda9c4f|&#xA;            &#x9;- 00000110  38 22 2c 22 69 70 73 22  3a 5b 22 31 30 2e 30 2e  |8&#34;,&#34;ips&#34;:[&#34;10.0.|&#xA;            &#x9;- 00000120  30 2e 32 22 2c 22 31 30  2e 30 2e 30 2e 33 22 5d  |0.2&#34;,&#34;10.0.0.3&#34;]|&#xA;            &#x9;- 00000130  7d 5d 2c 22 74 79 70 65  22 3a 22 50 52 49 56 41  |}],&#34;type&#34;:&#34;PRIVA|&#xA;            &#x9;- 00000140  54 45 22 2c 22 76 6c 61  6e 49 64 22 3a 31 30 7d  |TE&#34;,&#34;vlanId&#34;:10}|&#xA;            &#x9;+ 000000b0  22 6e 61 6d 65 22 3a 22  4d 79 20 44 65 66 61 75  |&#34;name&#34;:&#34;My Defau|&#xA;            &#x9;+ 000000c0  6c 74 20 42 61 63 6b 65  6e 64 20 4e 65 74 77 6f  |lt Backend Netwo|&#xA;            &#x9;+ 000000d0  72 6b 22 2c 22 73 65 72  76 65 72 73 22 3a 5b 7b  |rk&#34;,&#34;servers&#34;:[{|&#xA;            &#x9;+ 000000e0  22 69 64 22 3a 22 36 30  33 66 33 65 39 39 35 63  |&#34;id&#34;:&#34;603f3e995c|&#xA;            &#x9;+ 000000f0  31 38 64 35 31 35 63 64  61 39 63 34 66 38 22 2c  |18d515cda9c4f8&#34;,|&#xA;            &#x9;+ 00000100  22 69 70 73 22 3a 5b 22  31 30 2e 30 2e 30 2e 32  |&#34;ips&#34;:[&#34;10.0.0.2|&#xA;            &#x9;+ 00000110  22 2c 22 31 30 2e 30 2e  30 2e 33 22 5d 7d 5d 2c  |&#34;,&#34;10.0.0.3&#34;]}],|&#xA;            &#x9;+ 00000120  22 74 79 70 65 22 3a 22  50 52 49 56 41 54 45 22  |&#34;type&#34;:&#34;PRIVATE&#34;|&#xA;            &#x9;+ 00000130  2c 22 76 6c 61 6e 49 64  22 3a 31 30 7d           |,&#34;vlanId&#34;:10}|&#xA;            &#x9; }&#xA;Test:       &#x9;TestNetworkApiTestSuite/TestPutPrivateNetworkById</failure>
		</testcase>
	</testsuite>
</testsuites>
