<?xml version="1.0" encoding="UTF-8"?>
<testsuites>
	<testsuite tests="6" failures="0" time="0.485" name="tests">
		<properties>
			<property name="go.version" value="go1.13.8"></property>
		</properties>
		<testcase classname="tests" name="TestTagApiTestSuite" time="0.480"></testcase>
		<testcase classname="tests" name="TestTagApiTestSuite/TestCreateTags" time="0.410"></testcase>
		<testcase classname="tests" name="TestTagApiTestSuite/TestDeleteTagById" time="0.020"></testcase>
		<testcase classname="tests" name="TestTagApiTestSuite/TestGetTagById" time="0.010"></testcase>
		<testcase classname="tests" name="TestTagApiTestSuite/TestGetTags" time="0.020"></testcase>
		<testcase classname="tests" name="TestTagApiTestSuite/TestPatchTagById" time="0.020"></testcase>
	</testsuite>
</testsuites>
