<?xml version="1.0" encoding="UTF-8"?>
<testsuites>
	<testsuite tests="7" failures="0" time="0.576" name="tests">
		<properties>
			<property name="go.version" value="go1.13.8"></property>
		</properties>
		<testcase classname="tests" name="TestIpApiTestSuite" time="0.570"></testcase>
		<testcase classname="tests" name="TestIpApiTestSuite/TestCreateIpBlock" time="0.470"></testcase>
		<testcase classname="tests" name="TestIpApiTestSuite/TestDeleteIpBlocksById" time="0.020"></testcase>
		<testcase classname="tests" name="TestIpApiTestSuite/TestGetIpBlocks" time="0.020"></testcase>
		<testcase classname="tests" name="TestIpApiTestSuite/TestGetIpBlocksById" time="0.020"></testcase>
		<testcase classname="tests" name="TestIpApiTestSuite/TestPatchIpBlocksById" time="0.020"></testcase>
		<testcase classname="tests" name="TestIpApiTestSuite/TestPutTagsIpBlocksById" time="0.030"></testcase>
	</testsuite>
</testsuites>
