<?xml version="1.0" encoding="UTF-8"?>
<testsuites>
	<testsuite tests="5" failures="0" time="0.496" name="tests">
		<properties>
			<property name="go.version" value="go1.13.8"></property>
		</properties>
		<testcase classname="tests" name="TestRancherSolutionApiTestSuite" time="0.490"></testcase>
		<testcase classname="tests" name="TestRancherSolutionApiTestSuite/TestCreateClusters" time="0.430"></testcase>
		<testcase classname="tests" name="TestRancherSolutionApiTestSuite/TestDeleteClusterById" time="0.020"></testcase>
		<testcase classname="tests" name="TestRancherSolutionApiTestSuite/TestGetClusterById" time="0.020"></testcase>
		<testcase classname="tests" name="TestRancherSolutionApiTestSuite/TestGetClusters" time="0.020"></testcase>
	</testsuite>
</testsuites>
